C:\Program Files (x86)\Microsoft Visual Studio\2019\Community\MSBuild\Microsoft\VC\v160\Microsoft.CppBuild.targets(467,5): warning MSB8028: The intermediate directory (x64\Debug\) contains files shared from another project (OpenGL App.vcxproj).  This can lead to incorrect clean and rebuild behavior.
  glad.c
  Game.cpp
  The contents of <filesystem> are available only with C++17 or later.
C:\Users\hoGGo\Graphics\Bachelor Degree\bachelor-degree\OpenGL RTR\OpenGL RTR\Game.cpp(177,16): warning C4244: 'initializing': conversion from 'double' to 'float', possible loss of data
  Shader.cpp
C:\Users\hoGGo\Graphics\Bachelor Degree\bachelor-degree\OpenGL RTR\OpenGL RTR\Shader.cpp(35,34): warning C4101: 'e': unreferenced local variable
  Source.cpp
  The contents of <filesystem> are available only with C++17 or later.
  stb_image.cpp
  Generating Code...
Game.obj : error LNK2019: unresolved external symbol __imp__invalid_parameter referenced in function "void * __cdecl std::_Allocate_manually_vector_aligned<struct std::_Default_allocate_traits>(unsigned __int64)" (??$_Allocate_manually_vector_aligned@U_Default_allocate_traits@std@@@std@@YAPEAX_K@Z)
Shader.obj : error LNK2001: unresolved external symbol __imp__invalid_parameter
Source.obj : error LNK2001: unresolved external symbol __imp__invalid_parameter
Game.obj : error LNK2019: unresolved external symbol __imp__CrtDbgReport referenced in function "void * __cdecl std::_Allocate_manually_vector_aligned<struct std::_Default_allocate_traits>(unsigned __int64)" (??$_Allocate_manually_vector_aligned@U_Default_allocate_traits@std@@@std@@YAPEAX_K@Z)
Shader.obj : error LNK2001: unresolved external symbol __imp__CrtDbgReport
Source.obj : error LNK2001: unresolved external symbol __imp__CrtDbgReport
msvcprtd.lib(locale0_implib.obj) : error LNK2019: unresolved external symbol __imp__free_dbg referenced in function "public: static void __cdecl std::_Fac_node::operator delete(void *)" (??3_Fac_node@std@@SAXPEAX@Z)
msvcprtd.lib(locale0_implib.obj) : error LNK2019: unresolved external symbol __imp__malloc_dbg referenced in function "public: static void * __cdecl std::_Fac_node::operator new(unsigned __int64)" (??2_Fac_node@std@@SAPEAX_K@Z)
C:\Users\hoGGo\Graphics\Bachelor Degree\bachelor-degree\OpenGL RTR\x64\Debug\OpenGL RTR.exe : fatal error LNK1120: 4 unresolved externals
